d:\projects\qt_irr\qt_irr\debug\vc120.pdb
d:\projects\qt_irr\qt_irr\debug\qrc_qt_irr.obj
d:\projects\qt_irr\qt_irr\debug\main.obj
d:\projects\qt_irr\qt_irr\debug\qt_irr.obj
d:\projects\qt_irr\qt_irr\debug\moc_qt_irr.obj
d:\projects\qt_irr\qt_irr\debug\qirrlichtwidget.obj
d:\projects\qt_irr\qt_irr\debug\moc_qirrlichtwidget.obj
d:\projects\qt_irr\qt_irr\generatedfiles\qrc_qt_irr.cpp
d:\projects\qt_irr\qt_irr\generatedfiles\ui_qt_irr.h
d:\projects\qt_irr\qt_irr\generatedfiles\debug\moc_qt_irr.cpp
d:\projects\qt_irr\qt_irr\generatedfiles\debug\moc_qirrlichtwidget.cpp
d:\projects\qt_irr\win32\debug\qt_irr.ilk
d:\projects\qt_irr\win32\debug\qt_irr.exe
d:\projects\qt_irr\win32\debug\qt_irr.pdb
d:\projects\qt_irr\qt_irr\debug\qt_irr.tlog\cl.command.1.tlog
d:\projects\qt_irr\qt_irr\debug\qt_irr.tlog\cl.read.1.tlog
d:\projects\qt_irr\qt_irr\debug\qt_irr.tlog\cl.write.1.tlog
d:\projects\qt_irr\qt_irr\debug\qt_irr.tlog\custombuild.command.1.tlog
d:\projects\qt_irr\qt_irr\debug\qt_irr.tlog\custombuild.read.1.tlog
d:\projects\qt_irr\qt_irr\debug\qt_irr.tlog\custombuild.write.1.tlog
d:\projects\qt_irr\qt_irr\debug\qt_irr.tlog\link-cvtres.read.1.tlog
d:\projects\qt_irr\qt_irr\debug\qt_irr.tlog\link-cvtres.write.1.tlog
d:\projects\qt_irr\qt_irr\debug\qt_irr.tlog\link-rc.read.1.tlog
d:\projects\qt_irr\qt_irr\debug\qt_irr.tlog\link-rc.write.1.tlog
d:\projects\qt_irr\qt_irr\debug\qt_irr.tlog\link.2208-cvtres.read.1.tlog
d:\projects\qt_irr\qt_irr\debug\qt_irr.tlog\link.2208-cvtres.write.1.tlog
d:\projects\qt_irr\qt_irr\debug\qt_irr.tlog\link.2208-rc.read.1.tlog
d:\projects\qt_irr\qt_irr\debug\qt_irr.tlog\link.2208-rc.write.1.tlog
d:\projects\qt_irr\qt_irr\debug\qt_irr.tlog\link.2208.read.1.tlog
d:\projects\qt_irr\qt_irr\debug\qt_irr.tlog\link.2208.write.1.tlog
d:\projects\qt_irr\qt_irr\debug\qt_irr.tlog\link.command.1.tlog
d:\projects\qt_irr\qt_irr\debug\qt_irr.tlog\link.read.1.tlog
d:\projects\qt_irr\qt_irr\debug\qt_irr.tlog\link.write.1.tlog
